2020-02-08 19:44:28,437 - app - WARNING - Flask-SocketIO is Running under Werkzeug, WebSocket is not available.
2020-02-08 19:51:20,119 - app - WARNING - Flask-SocketIO is Running under Werkzeug, WebSocket is not available.
2020-02-08 19:56:12,307 - app - WARNING - Flask-SocketIO is Running under Werkzeug, WebSocket is not available.
2020-02-08 19:58:15,050 - app - WARNING - Flask-SocketIO is Running under Werkzeug, WebSocket is not available.
2020-02-08 20:03:28,492 - app - WARNING - Flask-SocketIO is Running under Werkzeug, WebSocket is not available.
2020-02-08 20:04:56,122 - app - WARNING - Flask-SocketIO is Running under Werkzeug, WebSocket is not available.
2020-02-08 20:05:51,205 - app - WARNING - Flask-SocketIO is Running under Werkzeug, WebSocket is not available.
2020-02-08 20:09:49,931 - app - WARNING - Flask-SocketIO is Running under Werkzeug, WebSocket is not available.
2020-02-08 20:12:51,898 - app - WARNING - Flask-SocketIO is Running under Werkzeug, WebSocket is not available.
2020-02-08 20:14:09,274 - app - WARNING - Flask-SocketIO is Running under Werkzeug, WebSocket is not available.
2020-02-08 20:14:58,772 - app - WARNING - Flask-SocketIO is Running under Werkzeug, WebSocket is not available.
2020-02-08 20:15:46,259 - app - WARNING - Flask-SocketIO is Running under Werkzeug, WebSocket is not available.
2020-02-08 20:17:25,695 - app - WARNING - Flask-SocketIO is Running under Werkzeug, WebSocket is not available.
2020-02-08 20:19:39,173 - app - WARNING - Flask-SocketIO is Running under Werkzeug, WebSocket is not available.
2020-02-08 20:30:47,751 - app - WARNING - Flask-SocketIO is Running under Werkzeug, WebSocket is not available.
2020-02-08 20:32:01,893 - app - WARNING - Flask-SocketIO is Running under Werkzeug, WebSocket is not available.
2020-02-08 20:33:04,357 - app - WARNING - Flask-SocketIO is Running under Werkzeug, WebSocket is not available.
2020-02-08 20:46:31,556 - app - WARNING - Flask-SocketIO is Running under Werkzeug, WebSocket is not available.
2020-02-08 20:47:25,301 - app - WARNING - Flask-SocketIO is Running under Werkzeug, WebSocket is not available.
2020-02-08 20:49:33,578 - app - WARNING - Flask-SocketIO is Running under Werkzeug, WebSocket is not available.
2020-02-08 21:41:20,102 - app - WARNING - Flask-SocketIO is Running under Werkzeug, WebSocket is not available.
2020-02-08 22:16:34,150 - app - WARNING - Flask-SocketIO is Running under Werkzeug, WebSocket is not available.
2020-02-08 22:41:54,786 - app - WARNING - Flask-SocketIO is Running under Werkzeug, WebSocket is not available.
2020-02-08 22:43:17,194 - app - WARNING - Flask-SocketIO is Running under Werkzeug, WebSocket is not available.
2020-02-09 14:24:43,619 - app - WARNING - Flask-SocketIO is Running under Werkzeug, WebSocket is not available.
2020-02-09 14:50:32,828 - app - WARNING - Flask-SocketIO is Running under Werkzeug, WebSocket is not available.
2020-02-09 14:55:26,796 - app - WARNING - Flask-SocketIO is Running under Werkzeug, WebSocket is not available.
2020-02-09 15:21:08,641 - app - ERROR - Exception on /pusher/wx [GET]
Traceback (most recent call last):
  File "O:\Python\Flask-WC\venv\lib\site-packages\flask\app.py", line 2446, in wsgi_app
    response = self.full_dispatch_request()
  File "O:\Python\Flask-WC\venv\lib\site-packages\flask\app.py", line 1951, in full_dispatch_request
    rv = self.handle_user_exception(e)
  File "O:\Python\Flask-WC\venv\lib\site-packages\flask_cors\extension.py", line 161, in wrapped_function
    return cors_after_request(app.make_response(f(*args, **kwargs)))
  File "O:\Python\Flask-WC\venv\lib\site-packages\flask\app.py", line 1820, in handle_user_exception
    reraise(exc_type, exc_value, tb)
  File "O:\Python\Flask-WC\venv\lib\site-packages\flask\_compat.py", line 39, in reraise
    raise value
  File "O:\Python\Flask-WC\venv\lib\site-packages\flask\app.py", line 1949, in full_dispatch_request
    rv = self.dispatch_request()
  File "O:\Python\Flask-WC\venv\lib\site-packages\flask\app.py", line 1935, in dispatch_request
    return self.view_functions[rule.endpoint](**req.view_args)
  File "O:\Python\Flask-WC\app\views\pusher_view.py", line 63, in open_wx
    data = (WxPusher.create_qrcode(extra=1))
  File "O:\Python\Flask-WC\app\wxpusher\wxpusher.py", line 46, in create_qrcode
    'appToken': cls.get_token(token),
  File "O:\Python\Flask-WC\app\wxpusher\wxpusher.py", line 69, in get_token
    raise exceptions.WxPusherNoneTokenException()
app.wxpusher.exceptions.WxPusherNoneTokenException
2020-02-09 15:22:28,319 - app - WARNING - Flask-SocketIO is Running under Werkzeug, WebSocket is not available.
2020-02-09 15:24:38,382 - app - WARNING - Flask-SocketIO is Running under Werkzeug, WebSocket is not available.
2020-02-09 15:25:20,009 - app - ERROR - Exception on /pusher/wx [GET]
Traceback (most recent call last):
  File "O:\Python\Flask-WC\venv\lib\site-packages\flask\app.py", line 2446, in wsgi_app
    response = self.full_dispatch_request()
  File "O:\Python\Flask-WC\venv\lib\site-packages\flask\app.py", line 1951, in full_dispatch_request
    rv = self.handle_user_exception(e)
  File "O:\Python\Flask-WC\venv\lib\site-packages\flask_cors\extension.py", line 161, in wrapped_function
    return cors_after_request(app.make_response(f(*args, **kwargs)))
  File "O:\Python\Flask-WC\venv\lib\site-packages\flask\app.py", line 1820, in handle_user_exception
    reraise(exc_type, exc_value, tb)
  File "O:\Python\Flask-WC\venv\lib\site-packages\flask\_compat.py", line 39, in reraise
    raise value
  File "O:\Python\Flask-WC\venv\lib\site-packages\flask\app.py", line 1949, in full_dispatch_request
    rv = self.dispatch_request()
  File "O:\Python\Flask-WC\venv\lib\site-packages\flask\app.py", line 1935, in dispatch_request
    return self.view_functions[rule.endpoint](**req.view_args)
  File "O:\Python\Flask-WC\app\views\pusher_view.py", line 63, in open_wx
    data = (WxPusher.create_qrcode(extra=1))
  File "O:\Python\Flask-WC\app\wxpusher\wxpusher.py", line 46, in create_qrcode
    'appToken': cls.get_token(token),
  File "O:\Python\Flask-WC\app\wxpusher\wxpusher.py", line 69, in get_token
    raise exceptions.WxPusherNoneTokenException()
app.wxpusher.exceptions.WxPusherNoneTokenException
